<?xml version="1.0" encoding="UTF-8"?>
<robot generator="Robot 3.2.2 (Python 3.9.0 on win32)" generated="20210121 10:14:53.715" rpa="false">
<suite id="s1" name="OpenEmrProject" source="C:\Users\CTEA\Testing\Robot_WorkspaceTesting\OpenEmrProject">
<suite id="s1-s1" name="LoginSuite" source="C:\Users\CTEA\Testing\Robot_WorkspaceTesting\OpenEmrProject\LoginSuite">
<suite id="s1-s1-s1" name="Verify Invalid Credentials" source="C:\Users\CTEA\Testing\Robot_WorkspaceTesting\OpenEmrProject\LoginSuite\verify_invalid_credentials.robot">
<test id="s1-s1-s1-t1" name="TC3">
<kw name="Launch Browser" library="common_functionality" type="setup">
<kw name="Append To Environment Variable" library="OperatingSystem">
<doc>Appends given ``values`` to environment variable ``name``.</doc>
<arguments>
<arg>Path</arg>
<arg>${OUTPUT_DIR}${/}driver</arg>
</arguments>
<msg timestamp="20210121 10:14:54.954" level="INFO">Environment variable 'Path' set to value 'C:/Users/CTEA/.p2/pool/plugins/org.eclipse.justj.openjdk.hotspot.jre.full.win32.x86_64_15.0.1.v20201027-0507/jre/bin/server;C:/Users/CTEA/.p2/pool/plugins/org.eclipse.justj.openjdk.hotspot.jre.full.win32.x86_64_15.0.1.v20201027-0507/jre/bin;C:\Program Files (x86)\Common Files\Oracle\Java\javapath;C:\WINDOWS\system32;C:\WINDOWS;C:\WINDOWS\System32\Wbem;C:\WINDOWS\System32\WindowsPowerShell\v1.0\;C:\Python;C:\Python\Scripts;C:\xampp\mysql\bin;C:\WINDOWS\System32\OpenSSH\;C:\Program Files\mingw-w64\x86_64-8.1.0-posix-seh-rt_v6-rev0\mingw64\bin;C:\Program Files (x86)\Groovy\bin;C:\ProgramData\Microsoft\Windows\Start Menu\Programs\Groovy;C:\Program Files\Java\jdk1.8.0_271\bin;C:\Program Files\Java\jre1.8.0_271\bin;C:\Program Files (x86)\Groovy\bin;C:\Program Files\Git\cmd;;C:\Users\CTEA\AppData\Local\Programs\Microsoft VS Code\bin;C:\Users\CTEA\AppData\Local\Microsoft\WindowsApps;C:\WINDOWS\System32;;C:\Users\CTEA\Testing\Robot_WorkspaceTesting\OpenEmrProject\driver'.</msg>
<status status="PASS" starttime="20210121 10:14:54.952" endtime="20210121 10:14:54.954"></status>
</kw>
<kw name="Open Browser" library="SeleniumLibrary">
<doc>Opens a new browser instance to the optional ``url``.</doc>
<arguments>
<arg>browser= ${BROWSER_NAME}</arg>
</arguments>
<msg timestamp="20210121 10:14:54.956" level="INFO">Opening browser ' googlechrome' to base url 'None'.</msg>
<status status="PASS" starttime="20210121 10:14:54.955" endtime="20210121 10:14:59.242"></status>
</kw>
<kw name="Maximize Browser Window" library="SeleniumLibrary">
<doc>Maximizes current browser window.</doc>
<status status="PASS" starttime="20210121 10:14:59.242" endtime="20210121 10:15:01.542"></status>
</kw>
<kw name="Set Selenium Implicit Wait" library="SeleniumLibrary">
<doc>Sets the implicit wait value used by Selenium.</doc>
<arguments>
<arg>30s</arg>
</arguments>
<status status="PASS" starttime="20210121 10:15:01.543" endtime="20210121 10:15:01.548"></status>
</kw>
<kw name="Go To" library="SeleniumLibrary">
<doc>Navigates the current browser window to the provided ``url``.</doc>
<arguments>
<arg>url=${URL}</arg>
</arguments>
<msg timestamp="20210121 10:15:01.549" level="INFO">Opening url 'https://demo.openemr.io/b/openemr/interface/login/login.php?site=default'</msg>
<status status="PASS" starttime="20210121 10:15:01.548" endtime="20210121 10:15:10.640"></status>
</kw>
<status status="PASS" starttime="20210121 10:14:54.951" endtime="20210121 10:15:10.641"></status>
</kw>
<kw name="Verify_Invalid_Credentials_Template">
<arguments>
<arg>admin</arg>
<arg>pass</arg>
<arg> English (Indian)</arg>
<arg>Invalid username or password</arg>
</arguments>
<kw name="Get Window Size" library="SeleniumLibrary">
<doc>Returns current window width and height as integers.</doc>
<assign>
<var>${width}</var>
<var>${height}</var>
</assign>
<msg timestamp="20210121 10:15:10.654" level="INFO">${width} = 825</msg>
<msg timestamp="20210121 10:15:10.655" level="INFO">${height} = 990</msg>
<status status="PASS" starttime="20210121 10:15:10.642" endtime="20210121 10:15:10.655"></status>
</kw>
<kw name="Log To Console" library="BuiltIn">
<doc>Logs the given message to the console.</doc>
<arguments>
<arg>${width}</arg>
</arguments>
<status status="PASS" starttime="20210121 10:15:10.656" endtime="20210121 10:15:10.656"></status>
</kw>
<kw name="Log To Console" library="BuiltIn">
<doc>Logs the given message to the console.</doc>
<arguments>
<arg>${height}</arg>
</arguments>
<status status="PASS" starttime="20210121 10:15:10.657" endtime="20210121 10:15:10.657"></status>
</kw>
<kw name="Set Window Size" library="SeleniumLibrary">
<doc>Sets current windows size to given ``width`` and ``height``.</doc>
<arguments>
<arg>800</arg>
<arg>600</arg>
</arguments>
<kw name="Capture Page Screenshot" library="SeleniumLibrary">
<doc>Takes a screenshot of the current page and embeds it into a log file.</doc>
<msg timestamp="20210121 10:15:11.532" level="INFO" html="yes">&lt;/td&gt;&lt;/tr&gt;&lt;tr&gt;&lt;td colspan="3"&gt;&lt;a href="Screenshot/selenium-screenshot-41.png"&gt;&lt;img src="Screenshot/selenium-screenshot-41.png" width="800px"&gt;&lt;/a&gt;</msg>
<status status="PASS" starttime="20210121 10:15:11.047" endtime="20210121 10:15:11.533"></status>
</kw>
<msg timestamp="20210121 10:15:11.565" level="FAIL">WebDriverException: Message: unknown error: failed to change window state to 'normal', current state is 'maximized'
  (Session info: chrome=87.0.4280.141)
</msg>
<status status="FAIL" starttime="20210121 10:15:10.657" endtime="20210121 10:15:11.565"></status>
</kw>
<status status="FAIL" starttime="20210121 10:15:10.641" endtime="20210121 10:15:11.566"></status>
</kw>
<kw name="End Browser" library="common_functionality" type="teardown">
<kw name="Close Browser" library="SeleniumLibrary">
<doc>Closes the current browser.</doc>
<status status="PASS" starttime="20210121 10:15:11.567" endtime="20210121 10:15:16.060"></status>
</kw>
<status status="PASS" starttime="20210121 10:15:11.566" endtime="20210121 10:15:16.061"></status>
</kw>
<status status="FAIL" starttime="20210121 10:14:54.950" endtime="20210121 10:15:16.062" critical="yes">WebDriverException: Message: unknown error: failed to change window state to 'normal', current state is 'maximized'
  (Session info: chrome=87.0.4280.141)
</status>
</test>
<doc>This file is test for invalid Credential Testing</doc>
<status status="FAIL" starttime="20210121 10:14:53.857" endtime="20210121 10:15:16.063"></status>
</suite>
<status status="FAIL" starttime="20210121 10:14:53.848" endtime="20210121 10:15:16.067"></status>
</suite>
<status status="FAIL" starttime="20210121 10:14:53.795" endtime="20210121 10:15:16.069"></status>
</suite>
<statistics>
<total>
<stat pass="0" fail="1">Critical Tests</stat>
<stat pass="0" fail="1">All Tests</stat>
</total>
<tag>
</tag>
<suite>
<stat pass="0" fail="1" id="s1" name="OpenEmrProject">OpenEmrProject</stat>
<stat pass="0" fail="1" id="s1-s1" name="LoginSuite">OpenEmrProject.LoginSuite</stat>
<stat pass="0" fail="1" id="s1-s1-s1" name="Verify Invalid Credentials">OpenEmrProject.LoginSuite.Verify Invalid Credentials</stat>
</suite>
</statistics>
<errors>
</errors>
</robot>
